[game4ou.xyz/coinmasterfreespintools/index.html]
[backblue.gif]
[fade.gif]
[index.html]
[browser.sentry-cdn.com/6.4.1/bundle.min.js]
[www.google-analytics.com/analytics.js]
[d13pxqgp3ixdbh.cloudfront.net/uploads/16453841925269930c670289c08e789da4d5d70f26.png]
[d13pxqgp3ixdbh.cloudfront.net/uploads/16468828719d55994d1037ada84b0be01871cae178.jpg]
[d13pxqgp3ixdbh.cloudfront.net/uploads/1646793130e4f46a03588bdec8e9207d91c7986e26.png]
[d13pxqgp3ixdbh.cloudfront.net/uploads/1646793199543f6379a4ffe2165562f47b3f57daba.png]
[d13pxqgp3ixdbh.cloudfront.net/uploads/16085350644a79012e7e2d64147d74c45ecd984fad.png]
[ajax.googleapis.com/ajax/libs/jquery/1/jquery.js]
[d12u7tum9sda5e.cloudfront.net/8c29bca.js]
[cldoffers.net/public/external/t.js]
[game4ou.xyz/coinmasterfreespintools/index.html]
[d13pxqgp3ixdbh.cloudfront.net/assets/landing_pages/fa/css/font-awesome.min.css]
[d13pxqgp3ixdbh.cloudfront.net/assets/landing_pages/jqueryui/images/ui-bg_diagonal-maze_75_9DD9DB_10x10.png]
[d13pxqgp3ixdbh.cloudfront.net/assets/landing_pages/jqueryui/images/ui-bg_gloss-wave_75_1A676B_500x100.png]
[d13pxqgp3ixdbh.cloudfront.net/assets/landing_pages/jqueryui/images/ui-bg_highlight-soft_75_5AA6A9_1x100.png]
[d13pxqgp3ixdbh.cloudfront.net/assets/landing_pages/jqueryui/images/ui-bg_inset-soft_75_043D3F_1x100.png]
[d13pxqgp3ixdbh.cloudfront.net/assets/landing_pages/jqueryui/images/ui-bg_highlight-soft_65_1A676B_1x100.png]
[d13pxqgp3ixdbh.cloudfront.net/assets/landing_pages/jqueryui/images/ui-bg_loop_75_FFD9B8_21x21.png]
[d13pxqgp3ixdbh.cloudfront.net/assets/landing_pages/jqueryui/images/ui-bg_diagonals-thick_75_FFB8BA_40x40.png]
[d13pxqgp3ixdbh.cloudfront.net/assets/landing_pages/jqueryui/images/ui-icons_043D3F_256x240.png]
[d13pxqgp3ixdbh.cloudfront.net/assets/landing_pages/jqueryui/images/ui-icons_9DD9DB_256x240.png]
[d13pxqgp3ixdbh.cloudfront.net/assets/landing_pages/jqueryui/images/ui-icons_1A676B_256x240.png]
[d13pxqgp3ixdbh.cloudfront.net/assets/landing_pages/jqueryui/images/ui-icons_982326_256x240.png]
[d13pxqgp3ixdbh.cloudfront.net/assets/landing_pages/jqueryui/jquery-ui.min.css]
[d13pxqgp3ixdbh.cloudfront.net/assets/content_lockers/css_front.css]
[d13pxqgp3ixdbh.cloudfront.net/assets/content_lockers/noty-2.3.8/demo/animate.css]
[d13pxqgp3ixdbh.cloudfront.net/assets/landing_pages/jqueryui/jquery-ui.min.js]
[d13pxqgp3ixdbh.cloudfront.net/assets/content_lockers/noty-2.3.8/js/noty/packaged/jquery.noty.packaged.js]
[game4ou.xyz/coinmasterfreespintools/customTemplateGlobal.html]
